mode: count
snippetbox/internal/models/snippets.go:27.87,32.16 3 0
snippetbox/internal/models/snippets.go:32.16,34.3 1 0
snippetbox/internal/models/snippets.go:36.2,37.16 2 0
snippetbox/internal/models/snippets.go:37.16,39.3 1 0
snippetbox/internal/models/snippets.go:41.2,41.21 1 0
snippetbox/internal/models/snippets.go:44.54,59.16 5 0
snippetbox/internal/models/snippets.go:59.16,60.36 1 0
snippetbox/internal/models/snippets.go:60.36,62.4 1 0
snippetbox/internal/models/snippets.go:62.9,64.4 1 0
snippetbox/internal/models/snippets.go:67.2,67.15 1 0
snippetbox/internal/models/snippets.go:70.53,78.16 3 0
snippetbox/internal/models/snippets.go:78.16,80.3 1 0
snippetbox/internal/models/snippets.go:86.2,90.18 3 0
snippetbox/internal/models/snippets.go:90.18,94.17 3 0
snippetbox/internal/models/snippets.go:94.17,96.4 1 0
snippetbox/internal/models/snippets.go:97.3,97.33 1 0
snippetbox/internal/models/snippets.go:103.2,103.34 1 0
snippetbox/internal/models/snippets.go:103.34,105.3 1 0
snippetbox/internal/models/snippets.go:107.2,107.22 1 0
snippetbox/internal/models/users.go:30.64,32.16 2 0
snippetbox/internal/models/users.go:32.16,34.3 1 0
snippetbox/internal/models/users.go:36.2,38.16 3 0
snippetbox/internal/models/users.go:38.16,44.34 2 0
snippetbox/internal/models/users.go:44.34,45.91 1 0
snippetbox/internal/models/users.go:45.91,47.5 1 0
snippetbox/internal/models/users.go:49.3,49.13 1 0
snippetbox/internal/models/users.go:52.2,52.12 1 0
snippetbox/internal/models/users.go:55.71,62.16 5 0
snippetbox/internal/models/users.go:62.16,63.36 1 0
snippetbox/internal/models/users.go:63.36,65.4 1 0
snippetbox/internal/models/users.go:65.9,67.4 1 0
snippetbox/internal/models/users.go:70.2,71.16 2 0
snippetbox/internal/models/users.go:71.16,72.58 1 0
snippetbox/internal/models/users.go:72.58,74.4 1 0
snippetbox/internal/models/users.go:74.9,76.4 1 0
snippetbox/internal/models/users.go:79.2,79.16 1 0
snippetbox/internal/models/users.go:82.50,89.2 4 3
snippetbox/cmd/web/handlers.go:14.70,16.16 2 0
snippetbox/cmd/web/handlers.go:16.16,19.3 2 0
snippetbox/cmd/web/handlers.go:21.2,24.49 3 0
snippetbox/cmd/web/handlers.go:27.77,31.26 3 5
snippetbox/cmd/web/handlers.go:31.26,34.3 2 3
snippetbox/cmd/web/handlers.go:36.2,37.16 2 2
snippetbox/cmd/web/handlers.go:37.16,38.41 1 1
snippetbox/cmd/web/handlers.go:38.41,40.4 1 1
snippetbox/cmd/web/handlers.go:40.9,42.4 1 0
snippetbox/cmd/web/handlers.go:43.3,43.9 1 1
snippetbox/cmd/web/handlers.go:46.2,49.49 3 1
snippetbox/cmd/web/handlers.go:52.79,60.2 3 0
snippetbox/cmd/web/handlers.go:73.83,76.16 3 0
snippetbox/cmd/web/handlers.go:76.16,79.3 2 0
snippetbox/cmd/web/handlers.go:81.2,86.19 5 0
snippetbox/cmd/web/handlers.go:86.19,91.3 4 0
snippetbox/cmd/web/handlers.go:93.2,94.16 2 0
snippetbox/cmd/web/handlers.go:94.16,97.3 2 0
snippetbox/cmd/web/handlers.go:101.2,104.79 2 0
snippetbox/cmd/web/handlers.go:114.76,118.2 3 1
snippetbox/cmd/web/handlers.go:120.80,124.16 3 7
snippetbox/cmd/web/handlers.go:124.16,127.3 2 0
snippetbox/cmd/web/handlers.go:129.2,135.19 6 7
snippetbox/cmd/web/handlers.go:135.19,140.3 4 5
snippetbox/cmd/web/handlers.go:142.2,143.16 2 2
snippetbox/cmd/web/handlers.go:143.16,144.47 1 1
snippetbox/cmd/web/handlers.go:144.47,150.4 4 1
snippetbox/cmd/web/handlers.go:150.9,152.4 1 0
snippetbox/cmd/web/handlers.go:154.3,154.9 1 1
snippetbox/cmd/web/handlers.go:157.2,159.57 2 1
snippetbox/cmd/web/handlers.go:168.75,172.2 3 0
snippetbox/cmd/web/handlers.go:174.79,178.16 3 0
snippetbox/cmd/web/handlers.go:178.16,181.3 2 0
snippetbox/cmd/web/handlers.go:183.2,187.19 4 0
snippetbox/cmd/web/handlers.go:187.19,192.3 4 0
snippetbox/cmd/web/handlers.go:194.2,195.16 2 0
snippetbox/cmd/web/handlers.go:195.16,196.51 1 0
snippetbox/cmd/web/handlers.go:196.51,202.4 4 0
snippetbox/cmd/web/handlers.go:202.9,204.4 1 0
snippetbox/cmd/web/handlers.go:205.3,205.9 1 0
snippetbox/cmd/web/handlers.go:211.2,212.16 2 0
snippetbox/cmd/web/handlers.go:212.16,215.3 2 0
snippetbox/cmd/web/handlers.go:218.2,220.61 2 0
snippetbox/cmd/web/handlers.go:223.80,225.16 2 0
snippetbox/cmd/web/handlers.go:225.16,228.3 2 0
snippetbox/cmd/web/handlers.go:230.2,234.47 3 0
snippetbox/cmd/web/handlers.go:237.51,239.2 1 1
snippetbox/cmd/web/helpers.go:17.71,22.2 3 0
snippetbox/cmd/web/helpers.go:26.72,28.2 1 5
snippetbox/cmd/web/helpers.go:32.57,34.2 1 5
snippetbox/cmd/web/helpers.go:36.100,38.9 2 8
snippetbox/cmd/web/helpers.go:38.9,42.3 3 0
snippetbox/cmd/web/helpers.go:45.2,50.16 3 8
snippetbox/cmd/web/helpers.go:50.16,53.3 2 0
snippetbox/cmd/web/helpers.go:56.2,60.16 2 8
snippetbox/cmd/web/helpers.go:66.72,73.2 1 8
snippetbox/cmd/web/helpers.go:75.72,77.16 2 7
snippetbox/cmd/web/helpers.go:77.16,79.3 1 0
snippetbox/cmd/web/helpers.go:81.2,82.16 2 7
snippetbox/cmd/web/helpers.go:82.16,87.43 2 0
snippetbox/cmd/web/helpers.go:87.43,88.14 1 0
snippetbox/cmd/web/helpers.go:90.3,90.13 1 0
snippetbox/cmd/web/helpers.go:92.2,92.12 1 7
snippetbox/cmd/web/helpers.go:95.63,97.9 2 8
snippetbox/cmd/web/helpers.go:97.9,99.3 1 8
snippetbox/cmd/web/helpers.go:101.2,101.24 1 0
snippetbox/cmd/web/main.go:30.13,40.16 7 0
snippetbox/cmd/web/main.go:40.16,42.3 1 0
snippetbox/cmd/web/main.go:43.2,46.16 3 0
snippetbox/cmd/web/main.go:46.16,48.3 1 0
snippetbox/cmd/web/main.go:50.2,87.21 11 0
snippetbox/cmd/web/main.go:90.42,92.16 2 0
snippetbox/cmd/web/main.go:92.16,94.3 1 0
snippetbox/cmd/web/main.go:95.2,95.33 1 0
snippetbox/cmd/web/main.go:95.33,97.3 1 0
snippetbox/cmd/web/main.go:98.2,98.16 1 0
snippetbox/cmd/web/middleware.go:10.52,11.71 1 4
snippetbox/cmd/web/middleware.go:11.71,19.3 6 17
snippetbox/cmd/web/middleware.go:22.68,23.71 1 3
snippetbox/cmd/web/middleware.go:23.71,27.3 2 16
snippetbox/cmd/web/middleware.go:30.70,31.71 1 3
snippetbox/cmd/web/middleware.go:31.71,33.16 1 16
snippetbox/cmd/web/middleware.go:33.16,35.36 1 16
snippetbox/cmd/web/middleware.go:35.36,38.5 2 0
snippetbox/cmd/web/middleware.go:41.3,41.23 1 16
snippetbox/cmd/web/middleware.go:45.79,46.71 1 9
snippetbox/cmd/web/middleware.go:46.71,47.30 1 0
snippetbox/cmd/web/middleware.go:47.30,50.4 2 0
snippetbox/cmd/web/middleware.go:54.3,56.23 2 0
snippetbox/cmd/web/middleware.go:60.45,69.2 3 27
snippetbox/cmd/web/middleware.go:71.70,72.71 1 27
snippetbox/cmd/web/middleware.go:72.71,77.14 2 13
snippetbox/cmd/web/middleware.go:77.14,80.4 2 13
snippetbox/cmd/web/middleware.go:82.3,83.17 2 0
snippetbox/cmd/web/middleware.go:83.17,86.4 2 0
snippetbox/cmd/web/middleware.go:90.3,90.13 1 0
snippetbox/cmd/web/middleware.go:90.13,93.4 2 0
snippetbox/cmd/web/middleware.go:95.3,95.23 1 0
snippetbox/cmd/web/routes.go:11.47,14.82 2 3
snippetbox/cmd/web/routes.go:14.82,16.3 1 1
snippetbox/cmd/web/routes.go:21.2,47.30 16 3
snippetbox/cmd/web/templates.go:24.36,25.16 1 5
snippetbox/cmd/web/templates.go:25.16,27.3 1 1
snippetbox/cmd/web/templates.go:28.2,28.47 1 4
snippetbox/cmd/web/templates.go:37.64,42.16 3 3
snippetbox/cmd/web/templates.go:42.16,44.3 1 0
snippetbox/cmd/web/templates.go:46.2,46.29 1 3
snippetbox/cmd/web/templates.go:46.29,59.17 4 15
snippetbox/cmd/web/templates.go:59.17,61.4 1 0
snippetbox/cmd/web/templates.go:63.3,63.19 1 15
snippetbox/cmd/web/templates.go:66.2,66.19 1 3
